<?xml version="1.0" encoding="UTF-8"?>
<!-- Generated by org.testng.reporters.JUnitXMLReporter -->
<testsuite hostname="LAPTOP-69PVCUGI" name="Acceptance" tests="4" failures="0" timestamp="26 Feb 2020 21:11:56 GMT" time="30.113" errors="0">
  <testcase name="@BeforeMethod setUp" time="0.0" classname="ask.tests.LoginTests">
    <failure type="org.openqa.selenium.SessionNotCreatedException" message="session not created
from chrome not reachable
  (Session info: chrome=80.0.3987.122)
Build info: version: &amp;apos;3.141.59&amp;apos;, revision: &amp;apos;e82be7d358&amp;apos;, time: &amp;apos;2018-11-14T08:17:03&amp;apos;
System info: host: &amp;apos;LAPTOP-69PVCUGI&amp;apos;, ip: &amp;apos;10.0.0.2&amp;apos;, os.name: &amp;apos;Windows 10&amp;apos;, os.arch: &amp;apos;amd64&amp;apos;, os.version: &amp;apos;10.0&amp;apos;, java.version: &amp;apos;1.8.0_211&amp;apos;
Driver info: driver.version: ChromeDriver
remote stacktrace: Backtrace:
	Ordinal0 [0x0070A113+1548563]
	Ordinal0 [0x0068DDA1+1039777]
	Ordinal0 [0x0060E32E+516910]
	Ordinal0 [0x00608012+491538]
	Ordinal0 [0x006086EB+493291]
	Ordinal0 [0x00609855+497749]
	Ordinal0 [0x00605885+481413]
	Ordinal0 [0x0060F0D0+520400]
	Ordinal0 [0x005BC030+180272]
	Ordinal0 [0x005BB59D+177565]
	Ordinal0 [0x005B95FB+169467]
	Ordinal0 [0x005A160A+71178]
	Ordinal0 [0x005A2690+75408]
	Ordinal0 [0x005A2629+75305]
	Ordinal0 [0x006A71B7+1143223]
	GetHandleVerifier [0x007A2B46+507814]
	GetHandleVerifier [0x007A2864+507076]
	GetHandleVerifier [0x007A9F47+537511]
	GetHandleVerifier [0x007A3402+510050]
	Ordinal0 [0x0069F29C+1110684]
	Ordinal0 [0x006A938B+1151883]
	Ordinal0 [0x006A94F3+1152243]
	Ordinal0 [0x006A83F5+1147893]
	BaseThreadInitThunk [0x74FC6359+25]
	RtlGetAppContainerNamedObjectPath [0x77747B74+228]
	RtlGetAppContainerNamedObjectPath [0x77747B44+180]
">
      <![CDATA[org.openqa.selenium.SessionNotCreatedException: session not created
from chrome not reachable
  (Session info: chrome=80.0.3987.122)
Build info: version: '3.141.59', revision: 'e82be7d358', time: '2018-11-14T08:17:03'
System info: host: 'LAPTOP-69PVCUGI', ip: '10.0.0.2', os.name: 'Windows 10', os.arch: 'amd64', os.version: '10.0', java.version: '1.8.0_211'
Driver info: driver.version: ChromeDriver
remote stacktrace: Backtrace:
	Ordinal0 [0x0070A113+1548563]
	Ordinal0 [0x0068DDA1+1039777]
	Ordinal0 [0x0060E32E+516910]
	Ordinal0 [0x00608012+491538]
	Ordinal0 [0x006086EB+493291]
	Ordinal0 [0x00609855+497749]
	Ordinal0 [0x00605885+481413]
	Ordinal0 [0x0060F0D0+520400]
	Ordinal0 [0x005BC030+180272]
	Ordinal0 [0x005BB59D+177565]
	Ordinal0 [0x005B95FB+169467]
	Ordinal0 [0x005A160A+71178]
	Ordinal0 [0x005A2690+75408]
	Ordinal0 [0x005A2629+75305]
	Ordinal0 [0x006A71B7+1143223]
	GetHandleVerifier [0x007A2B46+507814]
	GetHandleVerifier [0x007A2864+507076]
	GetHandleVerifier [0x007A9F47+537511]
	GetHandleVerifier [0x007A3402+510050]
	Ordinal0 [0x0069F29C+1110684]
	Ordinal0 [0x006A938B+1151883]
	Ordinal0 [0x006A94F3+1152243]
	Ordinal0 [0x006A83F5+1147893]
	BaseThreadInitThunk [0x74FC6359+25]
	RtlGetAppContainerNamedObjectPath [0x77747B74+228]
	RtlGetAppContainerNamedObjectPath [0x77747B44+180]

	at org.openqa.selenium.remote.W3CHandshakeResponse.lambda$errorHandler$0(W3CHandshakeResponse.java:62)
	at org.openqa.selenium.remote.HandshakeResponse.lambda$getResponseFunction$0(HandshakeResponse.java:30)
	at org.openqa.selenium.remote.ProtocolHandshake.lambda$createSession$0(ProtocolHandshake.java:126)
	at java.util.stream.ReferencePipeline$3$1.accept(Unknown Source)
	at java.util.Spliterators$ArraySpliterator.tryAdvance(Unknown Source)
	at java.util.stream.ReferencePipeline.forEachWithCancel(Unknown Source)
	at java.util.stream.AbstractPipeline.copyIntoWithCancel(Unknown Source)
	at java.util.stream.AbstractPipeline.copyInto(Unknown Source)
	at java.util.stream.AbstractPipeline.wrapAndCopyInto(Unknown Source)
	at java.util.stream.FindOps$FindOp.evaluateSequential(Unknown Source)
	at java.util.stream.AbstractPipeline.evaluate(Unknown Source)
	at java.util.stream.ReferencePipeline.findFirst(Unknown Source)
	at org.openqa.selenium.remote.ProtocolHandshake.createSession(ProtocolHandshake.java:128)
	at org.openqa.selenium.remote.ProtocolHandshake.createSession(ProtocolHandshake.java:74)
	at org.openqa.selenium.remote.HttpCommandExecutor.execute(HttpCommandExecutor.java:136)
	at org.openqa.selenium.remote.service.DriverCommandExecutor.execute(DriverCommandExecutor.java:83)
	at org.openqa.selenium.remote.RemoteWebDriver.execute(RemoteWebDriver.java:552)
	at org.openqa.selenium.remote.RemoteWebDriver.startSession(RemoteWebDriver.java:213)
	at org.openqa.selenium.remote.RemoteWebDriver.<init>(RemoteWebDriver.java:131)
	at org.openqa.selenium.chrome.ChromeDriver.<init>(ChromeDriver.java:181)
	at org.openqa.selenium.chrome.ChromeDriver.<init>(ChromeDriver.java:168)
	at org.openqa.selenium.chrome.ChromeDriver.<init>(ChromeDriver.java:123)
	at ask.base.Base.browserInit(Base.java:34)
	at ask.tests.LoginTests.setUp(LoginTests.java:24)
... Removed 30 stack frames]]>
    </failure>
  </testcase> <!-- @BeforeMethod setUp -->
  <testcase name="@AfterMethod tearDown" time="0.0" classname="ask.tests.LoginTests">
    <skipped/>
  </testcase> <!-- @AfterMethod tearDown -->
  <testcase name="@BeforeMethod setUp" time="0.0" classname="ask.tests.LoginTests">
    <skipped/>
  </testcase> <!-- @BeforeMethod setUp -->
  <testcase name="@AfterMethod tearDown" time="0.0" classname="ask.tests.LoginTests">
    <skipped/>
  </testcase> <!-- @AfterMethod tearDown -->
  <testcase name="@BeforeMethod setUp" time="0.0" classname="ask.tests.LoginTests">
    <skipped/>
  </testcase> <!-- @BeforeMethod setUp -->
  <testcase name="@AfterMethod tearDown" time="0.0" classname="ask.tests.LoginTests">
    <skipped/>
  </testcase> <!-- @AfterMethod tearDown -->
  <testcase name="verifyQuizName" time="0.835" classname="ask.tests.ListOfQuizzesTest"/>
  <testcase name="loginAsTeacherTC" time="0.001" classname="ask.tests.LoginTests">
    <skipped/>
  </testcase> <!-- loginAsTeacherTC -->
  <testcase name="loginAsTeacherTC" time="0.001" classname="ask.tests.LoginTests">
    <skipped/>
  </testcase> <!-- loginAsTeacherTC -->
  <testcase name="loginAsTeacherTC" time="0.0" classname="ask.tests.LoginTests">
    <skipped/>
  </testcase> <!-- loginAsTeacherTC -->
</testsuite> <!-- Acceptance -->
