<html>
<head>
<title>TestNG:  Acceptance</title>
<link href="../testng.css" rel="stylesheet" type="text/css" />
<link href="../my-testng.css" rel="stylesheet" type="text/css" />

<style type="text/css">
.log { display: none;} 
.stack-trace { display: none;} 
</style>
<script type="text/javascript">
<!--
function flip(e) {
  current = e.style.display;
  if (current == 'block') {
    e.style.display = 'none';
    return 0;
  }
  else {
    e.style.display = 'block';
    return 1;
  }
}

function toggleBox(szDivId, elem, msg1, msg2)
{
  var res = -1;  if (document.getElementById) {
    res = flip(document.getElementById(szDivId));
  }
  else if (document.all) {
    // this is the way old msie versions work
    res = flip(document.all[szDivId]);
  }
  if(elem) {
    if(res == 0) elem.innerHTML = msg1; else elem.innerHTML = msg2;
  }

}

function toggleAllBoxes() {
  if (document.getElementsByTagName) {
    d = document.getElementsByTagName('div');
    for (i = 0; i < d.length; i++) {
      if (d[i].className == 'log') {
        flip(d[i]);
      }
    }
  }
}

// -->
</script>

</head>
<body>
<h2 align='center'>Acceptance</h2><table border='1' align="center">
<tr>
<td>Tests passed/Failed/Skipped:</td><td>1/0/3</td>
</tr><tr>
<td>Started on:</td><td>Wed Feb 26 15:11:26 CST 2020</td>
</tr>
<tr><td>Total time:</td><td>30 seconds (30113 ms)</td>
</tr><tr>
<td>Included groups:</td><td></td>
</tr><tr>
<td>Excluded groups:</td><td></td>
</tr>
</table><p/>
<small><i>(Hover the method name to see the test class name)</i></small><p/>
<table width='100%' border='1' class='invocation-failed'>
<tr><td colspan='4' align='center'><b>FAILED CONFIGURATIONS</b></td></tr>
<tr><td><b>Test method</b></td>
<td width="30%"><b>Exception</b></td>
<td width="10%"><b>Time (seconds)</b></td>
<td><b>Instance</b></td>
</tr>
<tr>
<td title='ask.tests.LoginTests.setUp()'><b>setUp</b><br>Test class: ask.tests.LoginTests</td>
<td><div><pre>org.openqa.selenium.SessionNotCreatedException: session not created
from chrome not reachable
  (Session info: chrome=80.0.3987.122)
Build info: version: &apos;3.141.59&apos;, revision: &apos;e82be7d358&apos;, time: &apos;2018-11-14T08:17:03&apos;
System info: host: &apos;LAPTOP-69PVCUGI&apos;, ip: &apos;10.0.0.2&apos;, os.name: &apos;Windows 10&apos;, os.arch: &apos;amd64&apos;, os.version: &apos;10.0&apos;, java.version: &apos;1.8.0_211&apos;
Driver info: driver.version: ChromeDriver
remote stacktrace: Backtrace:
	Ordinal0 [0x0070A113+1548563]
	Ordinal0 [0x0068DDA1+1039777]
	Ordinal0 [0x0060E32E+516910]
	Ordinal0 [0x00608012+491538]
	Ordinal0 [0x006086EB+493291]
	Ordinal0 [0x00609855+497749]
	Ordinal0 [0x00605885+481413]
	Ordinal0 [0x0060F0D0+520400]
	Ordinal0 [0x005BC030+180272]
	Ordinal0 [0x005BB59D+177565]
	Ordinal0 [0x005B95FB+169467]
	Ordinal0 [0x005A160A+71178]
	Ordinal0 [0x005A2690+75408]
	Ordinal0 [0x005A2629+75305]
	Ordinal0 [0x006A71B7+1143223]
	GetHandleVerifier [0x007A2B46+507814]
	GetHandleVerifier [0x007A2864+507076]
	GetHandleVerifier [0x007A9F47+537511]
	GetHandleVerifier [0x007A3402+510050]
	Ordinal0 [0x0069F29C+1110684]
	Ordinal0 [0x006A938B+1151883]
	Ordinal0 [0x006A94F3+1152243]
	Ordinal0 [0x006A83F5+1147893]
	BaseThreadInitThunk [0x74FC6359+25]
	RtlGetAppContainerNamedObjectPath [0x77747B74+228]
	RtlGetAppContainerNamedObjectPath [0x77747B44+180]

	at org.openqa.selenium.remote.W3CHandshakeResponse.lambda$errorHandler$0(W3CHandshakeResponse.java:62)
	at org.openqa.selenium.remote.HandshakeResponse.lambda$getResponseFunction$0(HandshakeResponse.java:30)
	at org.openqa.selenium.remote.ProtocolHandshake.lambda$createSession$0(ProtocolHandshake.java:126)
	at java.util.stream.ReferencePipeline$3$1.accept(Unknown Source)
	at java.util.Spliterators$ArraySpliterator.tryAdvance(Unknown Source)
	at java.util.stream.ReferencePipeline.forEachWithCancel(Unknown Source)
	at java.util.stream.AbstractPipeline.copyIntoWithCancel(Unknown Source)
	at java.util.stream.AbstractPipeline.copyInto(Unknown Source)
	at java.util.stream.AbstractPipeline.wrapAndCopyInto(Unknown Source)
	at java.util.stream.FindOps$FindOp.evaluateSequential(Unknown Source)
	at java.util.stream.AbstractPipeline.evaluate(Unknown Source)
	at java.util.stream.ReferencePipeline.findFirst(Unknown Source)
	at org.openqa.selenium.remote.ProtocolHandshake.createSession(ProtocolHandshake.java:128)
	at org.openqa.selenium.remote.ProtocolHandshake.createSession(ProtocolHandshake.java:74)
	at org.openqa.selenium.remote.HttpCommandExecutor.execute(HttpCommandExecutor.java:136)
	at org.openqa.selenium.remote.service.DriverCommandExecutor.execute(DriverCommandExecutor.java:83)
	at org.openqa.selenium.remote.RemoteWebDriver.execute(RemoteWebDriver.java:552)
	at org.openqa.selenium.remote.RemoteWebDriver.startSession(RemoteWebDriver.java:213)
	at org.openqa.selenium.remote.RemoteWebDriver.&lt;init&gt;(RemoteWebDriver.java:131)
	at org.openqa.selenium.chrome.ChromeDriver.&lt;init&gt;(ChromeDriver.java:181)
	at org.openqa.selenium.chrome.ChromeDriver.&lt;init&gt;(ChromeDriver.java:168)
	at org.openqa.selenium.chrome.ChromeDriver.&lt;init&gt;(ChromeDriver.java:123)
	at ask.base.Base.browserInit(Base.java:34)
	at ask.tests.LoginTests.setUp(LoginTests.java:24)
... Removed 30 stack frames</pre></div><a href='#' onClick='toggleBox("stack-trace231202600", this, "Click to show all stack frames", "Click to hide stack frames")'>Click to show all stack frames</a>
<div class='stack-trace' id='stack-trace231202600'><pre>org.openqa.selenium.SessionNotCreatedException: session not created
from chrome not reachable
  (Session info: chrome=80.0.3987.122)
Build info: version: &apos;3.141.59&apos;, revision: &apos;e82be7d358&apos;, time: &apos;2018-11-14T08:17:03&apos;
System info: host: &apos;LAPTOP-69PVCUGI&apos;, ip: &apos;10.0.0.2&apos;, os.name: &apos;Windows 10&apos;, os.arch: &apos;amd64&apos;, os.version: &apos;10.0&apos;, java.version: &apos;1.8.0_211&apos;
Driver info: driver.version: ChromeDriver
remote stacktrace: Backtrace:
	Ordinal0 [0x0070A113+1548563]
	Ordinal0 [0x0068DDA1+1039777]
	Ordinal0 [0x0060E32E+516910]
	Ordinal0 [0x00608012+491538]
	Ordinal0 [0x006086EB+493291]
	Ordinal0 [0x00609855+497749]
	Ordinal0 [0x00605885+481413]
	Ordinal0 [0x0060F0D0+520400]
	Ordinal0 [0x005BC030+180272]
	Ordinal0 [0x005BB59D+177565]
	Ordinal0 [0x005B95FB+169467]
	Ordinal0 [0x005A160A+71178]
	Ordinal0 [0x005A2690+75408]
	Ordinal0 [0x005A2629+75305]
	Ordinal0 [0x006A71B7+1143223]
	GetHandleVerifier [0x007A2B46+507814]
	GetHandleVerifier [0x007A2864+507076]
	GetHandleVerifier [0x007A9F47+537511]
	GetHandleVerifier [0x007A3402+510050]
	Ordinal0 [0x0069F29C+1110684]
	Ordinal0 [0x006A938B+1151883]
	Ordinal0 [0x006A94F3+1152243]
	Ordinal0 [0x006A83F5+1147893]
	BaseThreadInitThunk [0x74FC6359+25]
	RtlGetAppContainerNamedObjectPath [0x77747B74+228]
	RtlGetAppContainerNamedObjectPath [0x77747B44+180]

	at sun.reflect.NativeConstructorAccessorImpl.newInstance0(Native Method)
	at sun.reflect.NativeConstructorAccessorImpl.newInstance(Unknown Source)
	at sun.reflect.DelegatingConstructorAccessorImpl.newInstance(Unknown Source)
	at java.lang.reflect.Constructor.newInstance(Unknown Source)
	at org.openqa.selenium.remote.W3CHandshakeResponse.lambda$errorHandler$0(W3CHandshakeResponse.java:62)
	at org.openqa.selenium.remote.HandshakeResponse.lambda$getResponseFunction$0(HandshakeResponse.java:30)
	at org.openqa.selenium.remote.ProtocolHandshake.lambda$createSession$0(ProtocolHandshake.java:126)
	at java.util.stream.ReferencePipeline$3$1.accept(Unknown Source)
	at java.util.Spliterators$ArraySpliterator.tryAdvance(Unknown Source)
	at java.util.stream.ReferencePipeline.forEachWithCancel(Unknown Source)
	at java.util.stream.AbstractPipeline.copyIntoWithCancel(Unknown Source)
	at java.util.stream.AbstractPipeline.copyInto(Unknown Source)
	at java.util.stream.AbstractPipeline.wrapAndCopyInto(Unknown Source)
	at java.util.stream.FindOps$FindOp.evaluateSequential(Unknown Source)
	at java.util.stream.AbstractPipeline.evaluate(Unknown Source)
	at java.util.stream.ReferencePipeline.findFirst(Unknown Source)
	at org.openqa.selenium.remote.ProtocolHandshake.createSession(ProtocolHandshake.java:128)
	at org.openqa.selenium.remote.ProtocolHandshake.createSession(ProtocolHandshake.java:74)
	at org.openqa.selenium.remote.HttpCommandExecutor.execute(HttpCommandExecutor.java:136)
	at org.openqa.selenium.remote.service.DriverCommandExecutor.execute(DriverCommandExecutor.java:83)
	at org.openqa.selenium.remote.RemoteWebDriver.execute(RemoteWebDriver.java:552)
	at org.openqa.selenium.remote.RemoteWebDriver.startSession(RemoteWebDriver.java:213)
	at org.openqa.selenium.remote.RemoteWebDriver.&lt;init&gt;(RemoteWebDriver.java:131)
	at org.openqa.selenium.chrome.ChromeDriver.&lt;init&gt;(ChromeDriver.java:181)
	at org.openqa.selenium.chrome.ChromeDriver.&lt;init&gt;(ChromeDriver.java:168)
	at org.openqa.selenium.chrome.ChromeDriver.&lt;init&gt;(ChromeDriver.java:123)
	at ask.base.Base.browserInit(Base.java:34)
	at ask.tests.LoginTests.setUp(LoginTests.java:24)
	at sun.reflect.NativeMethodAccessorImpl.invoke0(Native Method)
	at sun.reflect.NativeMethodAccessorImpl.invoke(Unknown Source)
	at sun.reflect.DelegatingMethodAccessorImpl.invoke(Unknown Source)
	at java.lang.reflect.Method.invoke(Unknown Source)
	at org.testng.internal.MethodInvocationHelper.invokeMethod(MethodInvocationHelper.java:80)
	at org.testng.internal.Invoker.invokeConfigurationMethod(Invoker.java:564)
	at org.testng.internal.Invoker.invokeConfigurations(Invoker.java:213)
	at org.testng.internal.Invoker.invokeMethod(Invoker.java:653)
	at org.testng.internal.Invoker.invokeTestMethod(Invoker.java:901)
	at org.testng.internal.Invoker.invokeTestMethods(Invoker.java:1231)
	at org.testng.internal.TestMethodWorker.invokeTestMethods(TestMethodWorker.java:127)
	at org.testng.internal.TestMethodWorker.run(TestMethodWorker.java:111)
	at org.testng.TestRunner.privateRun(TestRunner.java:767)
	at org.testng.TestRunner.run(TestRunner.java:617)
	at org.testng.SuiteRunner.runTest(SuiteRunner.java:334)
	at org.testng.SuiteRunner.runSequentially(SuiteRunner.java:329)
	at org.testng.SuiteRunner.privateRun(SuiteRunner.java:291)
	at org.testng.SuiteRunner.run(SuiteRunner.java:240)
	at org.testng.SuiteRunnerWorker.runSuite(SuiteRunnerWorker.java:52)
	at org.testng.SuiteRunnerWorker.run(SuiteRunnerWorker.java:86)
	at org.testng.TestNG.runSuitesSequentially(TestNG.java:1198)
	at org.testng.TestNG.runSuitesLocally(TestNG.java:1123)
	at org.testng.TestNG.run(TestNG.java:1031)
	at org.testng.remote.RemoteTestNG.run(RemoteTestNG.java:115)
	at org.testng.remote.RemoteTestNG.initAndRun(RemoteTestNG.java:207)
	at org.testng.remote.RemoteTestNG.main(RemoteTestNG.java:178)
</pre></div></td>
<td>0</td>
<td>ask.tests.LoginTests@16c0663d</td></tr>
</table><p>
<table width='100%' border='1' class='invocation-skipped'>
<tr><td colspan='4' align='center'><b>SKIPPED CONFIGURATIONS</b></td></tr>
<tr><td><b>Test method</b></td>
<td width="30%"><b>Exception</b></td>
<td width="10%"><b>Time (seconds)</b></td>
<td><b>Instance</b></td>
</tr>
<tr>
<td title='ask.tests.LoginTests.setUp()'><b>setUp</b><br>Test class: ask.tests.LoginTests</td>
<td></td>
<td>0</td>
<td>ask.tests.LoginTests@16c0663d</td></tr>
<tr>
<td title='ask.tests.LoginTests.setUp()'><b>setUp</b><br>Test class: ask.tests.LoginTests</td>
<td></td>
<td>0</td>
<td>ask.tests.LoginTests@16c0663d</td></tr>
<tr>
<td title='ask.tests.LoginTests.tearDown()'><b>tearDown</b><br>Test class: ask.tests.LoginTests</td>
<td></td>
<td>0</td>
<td>ask.tests.LoginTests@16c0663d</td></tr>
<tr>
<td title='ask.tests.LoginTests.tearDown()'><b>tearDown</b><br>Test class: ask.tests.LoginTests</td>
<td></td>
<td>0</td>
<td>ask.tests.LoginTests@16c0663d</td></tr>
<tr>
<td title='ask.tests.LoginTests.tearDown()'><b>tearDown</b><br>Test class: ask.tests.LoginTests</td>
<td></td>
<td>0</td>
<td>ask.tests.LoginTests@16c0663d</td></tr>
</table><p>
<table width='100%' border='1' class='invocation-passed'>
<tr><td colspan='4' align='center'><b>PASSED TESTS</b></td></tr>
<tr><td><b>Test method</b></td>
<td width="30%"><b>Exception</b></td>
<td width="10%"><b>Time (seconds)</b></td>
<td><b>Instance</b></td>
</tr>
<tr>
<td title='ask.tests.ListOfQuizzesTest.verifyQuizName()'><b>verifyQuizName</b><br>Test class: ask.tests.ListOfQuizzesTest</td>
<td></td>
<td>0</td>
<td>ask.tests.ListOfQuizzesTest@4cdbe50f</td></tr>
</table><p>
<table width='100%' border='1' class='invocation-skipped'>
<tr><td colspan='4' align='center'><b>SKIPPED TESTS</b></td></tr>
<tr><td><b>Test method</b></td>
<td width="30%"><b>Exception</b></td>
<td width="10%"><b>Time (seconds)</b></td>
<td><b>Instance</b></td>
</tr>
<tr>
<td title='ask.tests.LoginTests.loginAsTeacherTC()'><b>loginAsTeacherTC</b><br>Test class: ask.tests.LoginTests<br>Parameters: stashaniny@gmail.com, 12345</td>
<td></td>
<td>0</td>
<td>ask.tests.LoginTests@16c0663d</td></tr>
<tr>
<td title='ask.tests.LoginTests.loginAsTeacherTC()'><b>loginAsTeacherTC</b><br>Test class: ask.tests.LoginTests<br>Parameters: stashaniny@gmail.com, Tel605144</td>
<td></td>
<td>0</td>
<td>ask.tests.LoginTests@16c0663d</td></tr>
<tr>
<td title='ask.tests.LoginTests.loginAsTeacherTC()'><b>loginAsTeacherTC</b><br>Test class: ask.tests.LoginTests<br>Parameters: stashanin@gmail.com, 12345</td>
<td></td>
<td>0</td>
<td>ask.tests.LoginTests@16c0663d</td></tr>
</table><p>
</body>
</html>